<?xml version="1.0" encoding="UTF-8"?>
<!-- Generated by org.testng.reporters.JUnitReportReporter -->
<testsuite hostname="DESKTOP-QAT3TSQ" failures="0" tests="1" name="testngpkg.Fblogintestpagefactory" time="5.680" errors="0" timestamp="2024-11-04T14:48:27 IST" skipped="0">
  <testcase classname="testngpkg.Fblogintestpagefactory" name="createpage" time="5.680"/>
  <system-out/>
</testsuite> <!-- testngpkg.Fblogintestpagefactory -->
