<?xml version="1.0" encoding="UTF-8"?>
<!-- Generated by org.testng.reporters.JUnitReportReporter -->
<testsuite hostname="DESKTOP-QAT3TSQ" failures="0" tests="1" name="testngpkg.Robotfileupload" time="6.175" errors="0" timestamp="2024-10-25T15:26:51 IST" skipped="0">
  <testcase classname="testngpkg.Robotfileupload" name="robot" time="6.175"/>
  <system-out/>
</testsuite> <!-- testngpkg.Robotfileupload -->
