<?xml version="1.0" encoding="UTF-8"?>
<!-- Generated by org.testng.reporters.JUnitReportReporter -->
<testsuite hostname="DESKTOP-QAT3TSQ" failures="0" tests="1" name="testngpkg.parameterisation" time="0.025" errors="0" timestamp="2024-10-22T14:20:45 IST" skipped="0">
  <testcase classname="testngpkg.parameterisation" name="set" time="0.025"/>
  <system-out/>
</testsuite> <!-- testngpkg.parameterisation -->
