<?xml version="1.0" encoding="UTF-8"?>
<!-- Generated by org.testng.reporters.JUnitReportReporter -->
<testsuite hostname="DESKTOP-QAT3TSQ" failures="0" tests="1" name="testngpkg.Loginurl" time="3.991" errors="0" timestamp="2024-10-28T14:14:54 IST" skipped="0">
  <testcase classname="testngpkg.Loginurl" name="login" time="3.991"/>
  <system-out/>
</testsuite> <!-- testngpkg.Loginurl -->
