<?xml version="1.0" encoding="UTF-8"?>
<!-- Generated by org.testng.reporters.JUnitReportReporter -->
<testsuite hostname="DESKTOP-QAT3TSQ" failures="0" tests="2" name="testngpkg.crossbrowsertestin" time="8.593" errors="0" timestamp="2024-10-22T15:35:43 IST" skipped="0">
  <testcase classname="testngpkg.crossbrowsertestin" name="ITest" time="4.428"/>
  <system-out/>
  <testcase classname="testngpkg.crossbrowsertestin" name="ITest" time="4.165"/>
  <system-out/>
</testsuite> <!-- testngpkg.crossbrowsertestin -->
