<?xml version="1.0" encoding="UTF-8"?>
<!-- Generated by org.testng.reporters.JUnitReportReporter -->
<testsuite hostname="DESKTOP-QAT3TSQ" failures="0" tests="1" name="testngpkg.Datepicker" time="1.084" errors="0" timestamp="2024-10-29T14:52:22 IST" skipped="0">
  <testcase classname="testngpkg.Datepicker" name="datepicker" time="1.084"/>
  <system-out/>
</testsuite> <!-- testngpkg.Datepicker -->
