<?xml version="1.0" encoding="UTF-8"?>
<!-- Generated by org.testng.reporters.JUnitReportReporter -->
<testsuite hostname="DESKTOP-QAT3TSQ" failures="0" tests="1" name="testngpkg.Windowhandleamazone" time="18.724" errors="0" timestamp="2024-11-06T14:58:19 IST" skipped="0">
  <testcase classname="testngpkg.Windowhandleamazone" name="test" time="18.724"/>
  <system-out/>
</testsuite> <!-- testngpkg.Windowhandleamazone -->
