<?xml version="1.0" encoding="UTF-8"?>
<!-- Generated by org.testng.reporters.JUnitReportReporter -->
<testsuite hostname="DESKTOP-QAT3TSQ" failures="0" tests="1" name="testngpkg.Ebay" time="16.405" errors="0" timestamp="2024-10-24T14:24:07 IST" skipped="0">
  <testcase classname="testngpkg.Ebay" name="ebay" time="16.405"/>
  <system-out/>
</testsuite> <!-- testngpkg.Ebay -->
