<?xml version="1.0" encoding="UTF-8"?>
<!-- Generated by org.testng.reporters.JUnitReportReporter -->
<testsuite hostname="DESKTOP-QAT3TSQ" failures="0" tests="1" name="testngpkg.Copypaste" time="0.898" errors="0" timestamp="2024-10-23T14:12:54 IST" skipped="0">
  <testcase classname="testngpkg.Copypaste" name="copy" time="0.898"/>
  <system-out/>
</testsuite> <!-- testngpkg.Copypaste -->
