<?xml version="1.0" encoding="UTF-8"?>
<!-- Generated by org.testng.reporters.JUnitReportReporter -->
<testsuite hostname="DESKTOP-QAT3TSQ" failures="0" tests="1" name="testngpkg.facebookparameter" time="7.576" errors="0" timestamp="2024-10-22T14:51:34 IST" skipped="0">
  <testcase classname="testngpkg.facebookparameter" name="setest" time="7.576"/>
  <system-out/>
</testsuite> <!-- testngpkg.facebookparameter -->
