<?xml version="1.0" encoding="UTF-8"?>
<!-- Generated by org.testng.reporters.JUnitReportReporter -->
<testsuite hostname="DESKTOP-QAT3TSQ" failures="0" tests="1" name="testngpkg.Windowdetails" time="7.008" errors="0" timestamp="2024-11-06T14:25:44 IST" skipped="0">
  <testcase classname="testngpkg.Windowdetails" name="test" time="7.008"/>
  <system-out/>
</testsuite> <!-- testngpkg.Windowdetails -->
