<?xml version="1.0" encoding="UTF-8"?>
<!-- Generated by org.testng.reporters.JUnitReportReporter -->
<testsuite hostname="DESKTOP-QAT3TSQ" failures="0" tests="1" name="testngpkg.Extentreport" time="2.810" errors="0" timestamp="2024-10-31T14:40:32 IST" skipped="0">
  <testcase classname="testngpkg.Extentreport" name="fbtitleverification" time="2.810"/>
  <system-out/>
</testsuite> <!-- testngpkg.Extentreport -->
