<?xml version="1.0" encoding="UTF-8"?>
<!-- Generated by org.testng.reporters.JUnitReportReporter -->
<testsuite hostname="DESKTOP-QAT3TSQ" failures="0" tests="1" name="testngpkg.Dragondrop" time="2.089" errors="0" timestamp="2024-10-24T15:07:41 IST" skipped="0">
  <testcase classname="testngpkg.Dragondrop" name="guru" time="2.089"/>
  <system-out/>
</testsuite> <!-- testngpkg.Dragondrop -->
