<?xml version="1.0" encoding="UTF-8"?>
<!-- Generated by org.testng.reporters.JUnitReportReporter -->
<testsuite hostname="DESKTOP-QAT3TSQ" failures="0" tests="1" name="testngpkg.Autoitupload" time="2.558" errors="0" timestamp="2024-10-25T16:23:03 IST" skipped="0">
  <testcase classname="testngpkg.Autoitupload" name="robot" time="2.558"/>
  <system-out/>
</testsuite> <!-- testngpkg.Autoitupload -->
